<?xml version="1.0" encoding="UTF-8"?>
<!-- Generated by org.testng.reporters.JUnitReportReporter -->
<testsuite hostname="HRWINLI3927" failures="0" tests="1" name="webAppDesktopApp.DesktopAndWebAppTest" time="12.750" errors="0" timestamp="2023-04-20T23:19:07 IST" skipped="0">
  <testcase classname="webAppDesktopApp.DesktopAndWebAppTest" name="test" time="12.750"/>
  <system-out/>
</testsuite> <!-- webAppDesktopApp.DesktopAndWebAppTest -->
